<?xml version="1.0" encoding="UTF-8"?>
<testng-results ignored="0" total="1" passed="1" failed="0" skipped="0">
  <reporter-output>
  </reporter-output>
  <suite started-at="2025-04-19T09:35:33 CST" name="Actions" finished-at="2025-04-19T09:35:43 CST" duration-ms="10038">
    <groups>
    </groups>
    <test started-at="2025-04-19T09:35:33 CST" name="do Different Browser Action" finished-at="2025-04-19T09:35:43 CST" duration-ms="10038">
      <class name="diffActions.PerformActions">
        <test-method is-config="true" signature="setUp(java.lang.String)[pri:0, instance:diffActions.PerformActions@15ff3e9e]" started-at="2025-04-19T09:35:33 CST" name="setUp" finished-at="2025-04-19T09:35:38 CST" duration-ms="5064" status="PASS">
          <params>
            <param index="0">
              <value>
                <![CDATA[https://www.docker.com]]>
              </value>
            </param>
          </params>
          <reporter-output>
          </reporter-output>
        </test-method> <!-- setUp -->
        <test-method signature="doDifferentBrowserAction()[pri:0, instance:diffActions.PerformActions@15ff3e9e]" started-at="2025-04-19T09:35:38 CST" name="doDifferentBrowserAction" finished-at="2025-04-19T09:35:42 CST" duration-ms="4637" status="PASS">
          <reporter-output>
          </reporter-output>
        </test-method> <!-- doDifferentBrowserAction -->
        <test-method is-config="true" signature="tearDown()[pri:0, instance:diffActions.PerformActions@15ff3e9e]" started-at="2025-04-19T09:35:42 CST" name="tearDown" finished-at="2025-04-19T09:35:43 CST" duration-ms="289" status="PASS">
          <reporter-output>
          </reporter-output>
        </test-method> <!-- tearDown -->
      </class> <!-- diffActions.PerformActions -->
    </test> <!-- do Different Browser Action -->
  </suite> <!-- Actions -->
</testng-results>
