<?xml version="1.0" encoding="UTF-8"?>
<testng-results ignored="0" total="1" passed="1" failed="0" skipped="0">
  <reporter-output>
  </reporter-output>
  <suite started-at="2025-04-27T10:49:43 CST" name="Actions" finished-at="2025-04-27T10:50:02 CST" duration-ms="19093">
    <groups>
    </groups>
    <test started-at="2025-04-27T10:49:43 CST" name="do Different Browser Action" finished-at="2025-04-27T10:50:02 CST" duration-ms="19093">
      <class name="diffActions.PerformActions">
        <test-method is-config="true" signature="setUp(java.lang.String)[pri:0, instance:diffActions.PerformActions@3ce1e309]" started-at="2025-04-27T10:49:43 CST" name="setUp" finished-at="2025-04-27T10:49:50 CST" duration-ms="7341" status="PASS">
          <params>
            <param index="0">
              <value>
                <![CDATA[https://www.docker.com]]>
              </value>
            </param>
          </params>
          <reporter-output>
          </reporter-output>
        </test-method> <!-- setUp -->
        <test-method signature="doDifferentBrowserAction()[pri:0, instance:diffActions.PerformActions@3ce1e309]" started-at="2025-04-27T10:49:50 CST" name="doDifferentBrowserAction" finished-at="2025-04-27T10:50:01 CST" duration-ms="11213" status="PASS">
          <reporter-output>
          </reporter-output>
        </test-method> <!-- doDifferentBrowserAction -->
        <test-method is-config="true" signature="tearDown()[pri:0, instance:diffActions.PerformActions@3ce1e309]" started-at="2025-04-27T10:50:01 CST" name="tearDown" finished-at="2025-04-27T10:50:02 CST" duration-ms="508" status="PASS">
          <reporter-output>
          </reporter-output>
        </test-method> <!-- tearDown -->
      </class> <!-- diffActions.PerformActions -->
    </test> <!-- do Different Browser Action -->
  </suite> <!-- Actions -->
</testng-results>
